<?xml version="1.0" encoding="UTF-8"?>
<coverage generated="1743879532779" clover="3.2.0">
  <project timestamp="1743879532779" name="All files">
    <metrics statements="35" coveredstatements="21" conditionals="28" coveredconditionals="20" methods="14" coveredmethods="7" elements="77" coveredelements="48" complexity="0" loc="35" ncloc="35" packages="1" files="1" classes="1"/>
    <file name="TaskList.vue" path="C:\Users\user\Desktop\todo-frontend\src\components\TaskList.vue">
      <metrics statements="35" coveredstatements="21" conditionals="28" coveredconditionals="20" methods="14" coveredmethods="7"/>
      <line num="3" count="1" type="stmt"/>
      <line num="6" count="1" type="stmt"/>
      <line num="7" count="1" type="stmt"/>
      <line num="8" count="1" type="cond" truecount="3" falsecount="1"/>
      <line num="9" count="1" type="stmt"/>
      <line num="11" count="1" type="stmt"/>
      <line num="23" count="2" type="stmt"/>
      <line num="29" count="0" type="stmt"/>
      <line num="30" count="0" type="cond" truecount="0" falsecount="4"/>
      <line num="31" count="0" type="stmt"/>
      <line num="32" count="0" type="stmt"/>
      <line num="34" count="0" type="stmt"/>
      <line num="35" count="0" type="stmt"/>
      <line num="36" count="0" type="stmt"/>
      <line num="37" count="0" type="stmt"/>
      <line num="38" count="0" type="stmt"/>
      <line num="42" count="0" type="stmt"/>
      <line num="48" count="1" type="stmt"/>
      <line num="51" count="1" type="stmt"/>
      <line num="53" count="1" type="stmt"/>
      <line num="56" count="1" type="stmt"/>
      <line num="57" count="1" type="stmt"/>
      <line num="58" count="1" type="stmt"/>
      <line num="61" count="1" type="stmt"/>
      <line num="64" count="1" type="stmt"/>
      <line num="68" count="1" type="stmt"/>
      <line num="71" count="1" type="stmt"/>
      <line num="74" count="1" type="stmt"/>
      <line num="76" count="2" type="cond" truecount="2" falsecount="0"/>
      <line num="81" count="0" type="cond" truecount="2" falsecount="0"/>
      <line num="85" count="0" type="cond" truecount="2" falsecount="0"/>
      <line num="90" count="0" type="cond" truecount="0" falsecount="2"/>
      <line num="96" count="2" type="stmt"/>
      <line num="100" count="0" type="stmt"/>
      <line num="104" count="1" type="stmt"/>
    </file>
  </project>
</coverage>
