{"C:\\Users\\user\\Desktop\\todo-frontend\\src\\components\\TaskList.vue": {"path":"C:\\Users\\user\\Desktop\\todo-frontend\\src\\components\\TaskList.vue","statementMap":{"0":{"start":{"line":3,"column":0},"end":{"line":5,"column":3}},"1":{"start":{"line":6,"column":0},"end":{"line":6,"column":25}},"2":{"start":{"line":7,"column":13},"end":{"line":7,"column":53}},"3":{"start":{"line":8,"column":37},"end":{"line":8,"column":83}},"4":{"start":{"line":9,"column":15},"end":{"line":50,"column":1}},"5":{"start":{"line":11,"column":4},"end":{"line":19,"column":6}},"6":{"start":{"line":23,"column":6},"end":{"line":23,"column":95}},"7":{"start":{"line":23,"column":72},"end":{"line":23,"column":93}},"8":{"start":{"line":29,"column":10},"end":{"line":29,"column":22}},"9":{"start":{"line":30,"column":6},"end":{"line":33,"column":7}},"10":{"start":{"line":31,"column":8},"end":{"line":31,"column":71}},"11":{"start":{"line":32,"column":8},"end":{"line":32,"column":15}},"12":{"start":{"line":34,"column":6},"end":{"line":34,"column":29}},"13":{"start":{"line":35,"column":6},"end":{"line":39,"column":9}},"14":{"start":{"line":36,"column":8},"end":{"line":36,"column":36}},"15":{"start":{"line":37,"column":8},"end":{"line":37,"column":38}},"16":{"start":{"line":38,"column":8},"end":{"line":38,"column":26}},"17":{"start":{"line":42,"column":6},"end":{"line":44,"column":31}},"18":{"start":{"line":48,"column":4},"end":{"line":48,"column":22}},"19":{"start":{"line":51,"column":0},"end":{"line":51,"column":13}},"20":{"start":{"line":53,"column":0},"end":{"line":55,"column":3}},"21":{"start":{"line":56,"column":0},"end":{"line":56,"column":24}},"22":{"start":{"line":57,"column":11},"end":{"line":57,"column":25}},"23":{"start":{"line":58,"column":19},"end":{"line":60,"column":1}},"24":{"start":{"line":61,"column":19},"end":{"line":63,"column":1}},"25":{"start":{"line":64,"column":19},"end":{"line":67,"column":1}},"26":{"start":{"line":68,"column":19},"end":{"line":70,"column":1}},"27":{"start":{"line":71,"column":19},"end":{"line":73,"column":1}},"28":{"start":{"line":74,"column":19},"end":{"line":74,"column":30}},"29":{"start":{"line":76,"column":2},"end":{"line":103,"column":65}},"30":{"start":{"line":81,"column":63},"end":{"line":81,"column":94}},"31":{"start":{"line":85,"column":63},"end":{"line":85,"column":96}},"32":{"start":{"line":90,"column":6},"end":{"line":90,"column":56}},"33":{"start":{"line":96,"column":4},"end":{"line":102,"column":113}},"34":{"start":{"line":100,"column":25},"end":{"line":100,"column":54}},"35":{"start":{"line":104,"column":2},"end":{"line":104,"column":49}}},"fnMap":{"0":{"name":"_interopRequireDefault","decl":{"start":{"line":8,"column":9},"end":{"line":8,"column":31}},"loc":{"start":{"line":8,"column":35},"end":{"line":8,"column":85}},"line":8},"1":{"name":"(anonymous_1)","decl":{"start":{"line":10,"column":2},"end":{"line":10,"column":3}},"loc":{"start":{"line":10,"column":9},"end":{"line":20,"column":3}},"line":10},"2":{"name":"(anonymous_2)","decl":{"start":{"line":22,"column":4},"end":{"line":22,"column":5}},"loc":{"start":{"line":22,"column":17},"end":{"line":24,"column":5}},"line":22},"3":{"name":"(anonymous_3)","decl":{"start":{"line":23,"column":65},"end":{"line":23,"column":66}},"loc":{"start":{"line":23,"column":72},"end":{"line":23,"column":93}},"line":23},"4":{"name":"(anonymous_4)","decl":{"start":{"line":25,"column":4},"end":{"line":25,"column":5}},"loc":{"start":{"line":25,"column":14},"end":{"line":40,"column":5}},"line":25},"5":{"name":"(anonymous_5)","decl":{"start":{"line":35,"column":80},"end":{"line":35,"column":81}},"loc":{"start":{"line":35,"column":86},"end":{"line":39,"column":7}},"line":35},"6":{"name":"(anonymous_6)","decl":{"start":{"line":41,"column":4},"end":{"line":41,"column":5}},"loc":{"start":{"line":41,"column":23},"end":{"line":45,"column":5}},"line":41},"7":{"name":"(anonymous_7)","decl":{"start":{"line":47,"column":2},"end":{"line":47,"column":3}},"loc":{"start":{"line":47,"column":12},"end":{"line":49,"column":3}},"line":47},"8":{"name":"render","decl":{"start":{"line":75,"column":9},"end":{"line":75,"column":15}},"loc":{"start":{"line":75,"column":30},"end":{"line":104,"column":1}},"line":75},"9":{"name":"(anonymous_9)","decl":{"start":{"line":81,"column":53},"end":{"line":81,"column":54}},"loc":{"start":{"line":81,"column":63},"end":{"line":81,"column":94}},"line":81},"10":{"name":"(anonymous_10)","decl":{"start":{"line":85,"column":53},"end":{"line":85,"column":54}},"loc":{"start":{"line":85,"column":63},"end":{"line":85,"column":96}},"line":85},"11":{"name":"(anonymous_11)","decl":{"start":{"line":89,"column":39},"end":{"line":89,"column":40}},"loc":{"start":{"line":89,"column":51},"end":{"line":91,"column":5}},"line":89},"12":{"name":"(anonymous_12)","decl":{"start":{"line":95,"column":291},"end":{"line":95,"column":292}},"loc":{"start":{"line":95,"column":299},"end":{"line":103,"column":3}},"line":95},"13":{"name":"(anonymous_13)","decl":{"start":{"line":100,"column":15},"end":{"line":100,"column":16}},"loc":{"start":{"line":100,"column":25},"end":{"line":100,"column":54}},"line":100}},"branchMap":{"0":{"loc":{"start":{"line":8,"column":44},"end":{"line":8,"column":82}},"type":"cond-expr","locations":[{"start":{"line":8,"column":64},"end":{"line":8,"column":65}},{"start":{"line":8,"column":68},"end":{"line":8,"column":82}}],"line":8},"1":{"loc":{"start":{"line":8,"column":44},"end":{"line":8,"column":61}},"type":"binary-expr","locations":[{"start":{"line":8,"column":44},"end":{"line":8,"column":45}},{"start":{"line":8,"column":49},"end":{"line":8,"column":61}}],"line":8},"2":{"loc":{"start":{"line":30,"column":6},"end":{"line":33,"column":7}},"type":"if","locations":[{"start":{"line":30,"column":6},"end":{"line":33,"column":7}},{"start":{},"end":{}}],"line":30},"3":{"loc":{"start":{"line":30,"column":10},"end":{"line":30,"column":50}},"type":"binary-expr","locations":[{"start":{"line":30,"column":10},"end":{"line":30,"column":27}},{"start":{"line":30,"column":31},"end":{"line":30,"column":50}}],"line":30},"4":{"loc":{"start":{"line":76,"column":83},"end":{"line":80,"column":44}},"type":"binary-expr","locations":[{"start":{"line":76,"column":83},"end":{"line":76,"column":92}},{"start":{"line":76,"column":97},"end":{"line":80,"column":43}}],"line":76},"5":{"loc":{"start":{"line":80,"column":144},"end":{"line":80,"column":243}},"type":"binary-expr","locations":[{"start":{"line":80,"column":144},"end":{"line":80,"column":153}},{"start":{"line":80,"column":158},"end":{"line":80,"column":242}}],"line":80},"6":{"loc":{"start":{"line":81,"column":27},"end":{"line":81,"column":95}},"type":"binary-expr","locations":[{"start":{"line":81,"column":27},"end":{"line":81,"column":36}},{"start":{"line":81,"column":41},"end":{"line":81,"column":94}}],"line":81},"7":{"loc":{"start":{"line":85,"column":27},"end":{"line":85,"column":97}},"type":"binary-expr","locations":[{"start":{"line":85,"column":27},"end":{"line":85,"column":36}},{"start":{"line":85,"column":41},"end":{"line":85,"column":96}}],"line":85},"8":{"loc":{"start":{"line":88,"column":82},"end":{"line":88,"column":277}},"type":"cond-expr","locations":[{"start":{"line":88,"column":103},"end":{"line":88,"column":231}},{"start":{"line":88,"column":235},"end":{"line":88,"column":277}}],"line":88},"9":{"loc":{"start":{"line":89,"column":13},"end":{"line":91,"column":6}},"type":"binary-expr","locations":[{"start":{"line":89,"column":13},"end":{"line":89,"column":22}},{"start":{"line":89,"column":27},"end":{"line":91,"column":5}}],"line":89},"10":{"loc":{"start":{"line":90,"column":13},"end":{"line":90,"column":55}},"type":"binary-expr","locations":[{"start":{"line":90,"column":13},"end":{"line":90,"column":25}},{"start":{"line":90,"column":29},"end":{"line":90,"column":55}}],"line":90},"11":{"loc":{"start":{"line":93,"column":16},"end":{"line":95,"column":29}},"type":"binary-expr","locations":[{"start":{"line":93,"column":16},"end":{"line":93,"column":25}},{"start":{"line":93,"column":30},"end":{"line":95,"column":28}}],"line":93},"12":{"loc":{"start":{"line":95,"column":80},"end":{"line":95,"column":178}},"type":"binary-expr","locations":[{"start":{"line":95,"column":80},"end":{"line":95,"column":89}},{"start":{"line":95,"column":94},"end":{"line":95,"column":177}}],"line":95},"13":{"loc":{"start":{"line":102,"column":33},"end":{"line":102,"column":75}},"type":"cond-expr","locations":[{"start":{"line":102,"column":58},"end":{"line":102,"column":66}},{"start":{"line":102,"column":69},"end":{"line":102,"column":75}}],"line":102}},"s":{"0":1,"1":1,"2":1,"3":1,"4":1,"5":1,"6":2,"7":2,"8":0,"9":0,"10":0,"11":0,"12":0,"13":0,"14":0,"15":0,"16":0,"17":0,"18":1,"19":1,"20":1,"21":1,"22":1,"23":1,"24":1,"25":1,"26":1,"27":1,"28":1,"29":2,"30":0,"31":0,"32":0,"33":2,"34":0,"35":1},"f":{"0":1,"1":1,"2":2,"3":2,"4":0,"5":0,"6":0,"7":1,"8":2,"9":0,"10":0,"11":0,"12":2,"13":0},"b":{"0":[1,0],"1":[1,1],"2":[0,0],"3":[0,0],"4":[2,1],"5":[2,1],"6":[2,1],"7":[2,1],"8":[0,2],"9":[2,1],"10":[0,0],"11":[2,1],"12":[2,1],"13":[1,1]},"inputSourceMap":{"0":"{","1":"\"","2":"v","3":"e","4":"r","5":"s","6":"i","7":"o","8":"n","9":"\"","10":":","11":"3","12":",","13":"\"","14":"s","15":"o","16":"u","17":"r","18":"c","19":"e","20":"s","21":"\"","22":":","23":"[","24":"\"","25":"C","26":":","27":"\\","28":"\\","29":"U","30":"s","31":"e","32":"r","33":"s","34":"\\","35":"\\","36":"u","37":"s","38":"e","39":"r","40":"\\","41":"\\","42":"D","43":"e","44":"s","45":"k","46":"t","47":"o","48":"p","49":"\\","50":"\\","51":"t","52":"o","53":"d","54":"o","55":"-","56":"f","57":"r","58":"o","59":"n","60":"t","61":"e","62":"n","63":"d","64":"\\","65":"\\","66":"s","67":"r","68":"c","69":"\\","70":"\\","71":"c","72":"o","73":"m","74":"p","75":"o","76":"n","77":"e","78":"n","79":"t","80":"s","81":"\\","82":"\\","83":"T","84":"a","85":"s","86":"k","87":"L","88":"i","89":"s","90":"t","91":".","92":"v","93":"u","94":"e","95":"\"","96":"]","97":",","98":"\"","99":"n","100":"a","101":"m","102":"e","103":"s","104":"\"","105":":","106":"[","107":"]","108":",","109":"\"","110":"m","111":"a","112":"p","113":"p","114":"i","115":"n","116":"g","117":"s","118":"\"","119":":","120":"\"","121":";","122":";","123":";","124":";","125":";","126":";","127":"A","128":"A","129":"g","130":"C","131":"I","132":";","133":"A","134":"A","135":"A","136":"0","137":"B","138":";","139":"A","140":"A","141":"A","142":"A","143":",","144":"i","145":"C","146":"A","147":"E","148":"X","149":";","150":"E","151":"A","152":"C","153":"X","154":",","155":"I","156":"A","157":"A","158":"I","159":",","160":"G","161":"A","162":"A","163":"G","164":";","165":"I","166":"A","167":"C","168":"H","169":",","170":"O","171":"A","172":"A","173":"O","174":";","175":"M","176":"A","177":"C","178":"H","179":",","180":"K","181":"A","182":"A","183":"K","184":",","185":"E","186":"A","187":"A","188":"E","189":",","190":"E","191":"A","192":"A","193":"E","194":";","195":"M","196":"A","197":"C","198":"T","199":",","200":"O","201":"A","202":"A","203":"O","204":",","205":"E","206":"A","207":"A","208":"E","209":";","210":"Q","211":"A","212":"A","213":"E","214":",","215":"S","216":"A","217":"A","218":"S","219":",","220":"E","221":"A","222":"A","223":"E","224":",","225":"E","226":"A","227":"A","228":"E","229":";","230":"Q","231":"A","232":"A","233":"E","234":",","235":"W","236":"A","237":"A","238":"W","239":",","240":"E","241":"A","242":"A","243":"E","244":",","245":"E","246":"A","247":"A","248":"E","249":";","250":"Q","251":"A","252":"A","253":"E","254":",","255":"M","256":"A","257":"A","258":"M","259":",","260":"E","261":"A","262":"A","263":"E","264":";","265":"M","266":"A","267":"A","268":"U","269":",","270":"C","271":"A","272":"A","273":"C","274":";","275":"M","276":"A","277":"C","278":"9","279":"D","280":",","281":"Y","282":"A","283":"A","284":"Y","285":",","286":"E","287":"A","288":"A","289":"E","290":";","291":"I","292":"A","293":"C","294":"l","295":"B","296":",","297":"C","298":"A","299":"A","300":"C","301":";","302":"E","303":"A","304":"C","305":"L","306":",","307":"C","308":"A","309":"A","310":"C","311":";","312":"E","313":"A","314":"E","315":"D","316":",","317":"O","318":"A","319":"A","320":"O","321":",","322":"E","323":"A","324":"A","325":"E","326":";","327":"I","328":"A","329":"C","330":"L","331":",","332":"U","333":"A","334":"A","335":"U","336":",","337":"G","338":"A","339":"A","340":"G","341":";","342":"M","343":"A","344":"C","345":"T","346":",","347":"c","348":"A","349":"A","350":"K","351":",","352":"C","353":"A","354":"A","355":"C","356":",","357":"G","358":"A","359":"A","360":"G","361":",","362":"C","363":"A","364":"A","365":"C","366":",","367":"i","368":"C","369":"A","370":"A","371":"i","372":"C","373":",","374":"C","375":"A","376":"A","377":"C","378":",","379":"C","380":"A","381":"A","382":"C","383":",","384":"I","385":"A","386":"A","387":"I","388":",","389":"C","390":"A","391":"A","392":"E","393":",","394":"G","395":"A","396":"A","397":"G","398":",","399":"I","400":"A","401":"A","402":"M","403":",","404":"I","405":"A","406":"A","407":"I","408":",","409":"C","410":"A","411":"A","412":"C","413":",","414":"K","415":"A","416":"A","417":"K","418":",","419":"G","420":"A","421":"A","422":"G","423":",","424":"G","425":"A","426":"A","427":"G","428":",","429":"C","430":"A","431":"A","432":"C","433":",","434":"I","435":"A","436":"A","437":"K","438":",","439":"C","440":"A","441":"A","442":"C","443":";","444":"I","445":"A","446":"C","447":"v","448":"F","449":",","450":"C","451":"A","452":"A","453":"C","454":";","455":"I","456":"A","457":"E","458":"D","459":",","460":"O","461":"A","462":"A","463":"O","464":",","465":"G","466":"A","467":"A","468":"G","469":";","470":"M","471":"A","472":"C","473":"N","474":",","475":"M","476":"A","477":"A","478":"M","479":";","480":"Q","481":"A","482":"A","483":"E","484":",","485":"S","486":"A","487":"A","488":"S","489":";","490":"Q","491":"A","492":"A","493":"E","494":";","495":"M","496":"A","497":"A","498":"Y","499":",","500":"C","501":"A","502":"A","503":"C","504":",","505":"G","506":"A","507":"A","508":"G","509":",","510":"I","511":"A","512":"A","513":"I","514":",","515":"C","516":"A","517":"A","518":"C","519":",","520":"O","521":"A","522":"A","523":"O","524":";","525":"M","526":"A","527":"E","528":"/","529":"C","530":",","531":"I","532":"A","533":"A","534":"I","535":",","536":"C","537":"A","538":"A","539":"C","540":",","541":"S","542":"A","543":"A","544":"S","545":",","546":"C","547":"A","548":"A","549":"C","550":",","551":"I","552":"A","553":"A","554":"I","555":",","556":"C","557":"A","558":"A","559":"C","560":",","561":"C","562":"A","563":"A","564":"C","565":",","566":"I","567":"A","568":"A","569":"I","570":",","571":"C","572":"A","573":"A","574":"C","575":",","576":"W","577":"A","578":"A","579":"W","580":",","581":"C","582":"A","583":"A","584":"C","585":",","586":"I","587":"A","588":"A","589":"I","590":",","591":"C","592":"A","593":"A","594":"C","595":",","596":"C","597":"A","598":"A","599":"C","600":",","601":"E","602":"A","603":"A","604":"E","605":";","606":"Q","607":"A","608":"C","609":"1","610":"C","611":",","612":"I","613":"A","614":"A","615":"I","616":",","617":"C","618":"A","619":"A","620":"C","621":",","622":"Y","623":"A","624":"A","625":"Y","626":",","627":"G","628":"A","629":"A","630":"G","631":",","632":"0","633":"C","634":"A","635":"A","636":"0","637":"C","638":";","639":"Q","640":"A","641":"C","642":"9","643":"D","644":";","645":"M","646":"A","647":"C","648":"J","649":";","650":"M","651":"A","652":"E","653":"A","654":",","655":"I","656":"A","657":"A","658":"I","659":",","660":"C","661":"A","662":"A","663":"C","664":",","665":"Y","666":"A","667":"A","668":"Y","669":",","670":"G","671":"A","672":"A","673":"G","674":",","675":"E","676":"A","677":"A","678":"E","679":";","680":"M","681":"A","682":"C","683":"t","684":"B","685":",","686":"c","687":"A","688":"A","689":"K","690":",","691":"C","692":"A","693":"A","694":"C","695":",","696":"I","697":"A","698":"A","699":"I","700":",","701":"C","702":"A","703":"A","704":"C","705":",","706":"i","707":"C","708":"A","709":"A","710":"i","711":"C","712":",","713":"E","714":"A","715":"A","716":"E","717":",","718":"I","719":"A","720":"A","721":"I","722":",","723":"C","724":"A","725":"A","726":"C","727":",","728":"O","729":"A","730":"A","731":"O","732":",","733":"C","734":"A","735":"A","736":"C","737":",","738":"C","739":"A","740":"A","741":"C","742":",","743":"I","744":"A","745":"A","746":"I","747":",","748":"C","749":"A","750":"A","751":"C","752":",","753":"M","754":"A","755":"A","756":"M","757":";","758":"Q","759":"A","760":"C","761":"n","762":"E","763":",","764":"I","765":"A","766":"A","767":"I","768":",","769":"C","770":"A","771":"A","772":"C","773":",","774":"O","775":"A","776":"A","777":"O","778":",","779":"C","780":"A","781":"A","782":"C","783":",","784":"S","785":"A","786":"A","787":"S","788":",","789":"G","790":"A","791":"A","792":"G","793":",","794":"E","795":"A","796":"A","797":"E","798":";","799":"Q","800":"A","801":"C","802":"3","803":"B","804":",","805":"I","806":"A","807":"A","808":"I","809":",","810":"C","811":"A","812":"A","813":"C","814":",","815":"O","816":"A","817":"A","818":"O","819":",","820":"C","821":"A","822":"A","823":"C","824":",","825":"W","826":"A","827":"A","828":"W","829":",","830":"G","831":"A","832":"A","833":"G","834":",","835":"E","836":"A","837":"A","838":"E","839":";","840":"Q","841":"A","842":"C","843":"7","844":"B","845":",","846":"I","847":"A","848":"A","849":"I","850":",","851":"C","852":"A","853":"A","854":"C","855":",","856":"U","857":"A","858":"A","859":"U","860":",","861":"C","862":"A","863":"A","864":"C","865":",","866":"C","867":"A","868":"A","869":"C","870":";","871":"M","872":"A","873":"C","874":"r","875":"B","876":",","877":"C","878":"A","879":"A","880":"C","881":",","882":"C","883":"A","884":"A","885":"C","886":";","887":"I","888":"A","889":"C","890":"N","891":",","892":"C","893":"A","894":"A","895":"C","896":";","897":"I","898":"A","899":"E","900":"D","901":",","902":"U","903":"A","904":"A","905":"U","906":",","907":"C","908":"A","909":"A","910":"C","911":",","912":"M","913":"A","914":"A","915":"M","916":",","917":"E","918":"A","919":"A","920":"E","921":";","922":"M","923":"A","924":"C","925":"f","926":",","927":"c","928":"A","929":"A","930":"K","931":",","932":"C","933":"A","934":"A","935":"C","936":",","937":"G","938":"A","939":"A","940":"G","941":",","942":"C","943":"A","944":"A","945":"C","946":",","947":"m","948":"C","949":"A","950":"A","951":"m","952":"C","953":",","954":"M","955":"A","956":"A","957":"M","958":",","959":"E","960":"A","961":"A","962":"E","963":",","964":"E","965":"A","966":"A","967":"E","968":";","969":"Q","970":"A","971":"A","972":"E","973":",","974":"M","975":"A","976":"A","977":"M","978":",","979":"E","980":"A","981":"A","982":"E","983":";","984":"M","985":"A","986":"A","987":"O","988":",","989":"C","990":"A","991":"A","992":"C","993":",","994":"C","995":"A","996":"A","997":"C","998":",","999":"C","1000":"A","1001":"A","1002":"C","1003":",","1004":"I","1005":"A","1006":"A","1007":"I","1008":",","1009":"C","1010":"A","1011":"A","1012":"C","1013":",","1014":"I","1015":"A","1016":"A","1017":"I","1018":",","1019":"C","1020":"A","1021":"A","1022":"C","1023":",","1024":"U","1025":"A","1026":"A","1027":"U","1028":",","1029":"C","1030":"A","1031":"A","1032":"C","1033":";","1034":"I","1035":"A","1036":"C","1037":"p","1038":"G","1039":";","1040":"E","1041":"A","1042":"C","1043":"J","1044":",","1045":"C","1046":"A","1047":"A","1048":"C","1049":";","1050":"E","1051":"A","1052":"C","1053":"D","1054":",","1055":"O","1056":"A","1057":"A","1058":"O","1059":",","1060":"G","1061":"A","1062":"A","1063":"G","1064":";","1065":"I","1066":"A","1067":"C","1068":"N","1069":",","1070":"I","1071":"A","1072":"A","1073":"I","1074":",","1075":"C","1076":"A","1077":"A","1078":"C","1079":",","1080":"U","1081":"A","1082":"A","1083":"U","1084":",","1085":"C","1086":"A","1087":"A","1088":"C","1089":",","1090":"C","1091":"A","1092":"A","1093":"C","1094":";","1095":"E","1096":"A","1097":"C","1098":"r","1099":"B","1100":";","1101":"A","1102":"A","1103":"C","1104":"J","1105":",","1106":"C","1107":"A","1108":"A","1109":"C","1110":"\"","1111":",","1112":"\"","1113":"f","1114":"i","1115":"l","1116":"e","1117":"\"","1118":":","1119":"\"","1120":"C","1121":":","1122":"\\","1123":"\\","1124":"U","1125":"s","1126":"e","1127":"r","1128":"s","1129":"\\","1130":"\\","1131":"u","1132":"s","1133":"e","1134":"r","1135":"\\","1136":"\\","1137":"D","1138":"e","1139":"s","1140":"k","1141":"t","1142":"o","1143":"p","1144":"\\","1145":"\\","1146":"t","1147":"o","1148":"d","1149":"o","1150":"-","1151":"f","1152":"r","1153":"o","1154":"n","1155":"t","1156":"e","1157":"n","1158":"d","1159":"\\","1160":"\\","1161":"s","1162":"r","1163":"c","1164":"\\","1165":"\\","1166":"c","1167":"o","1168":"m","1169":"p","1170":"o","1171":"n","1172":"e","1173":"n","1174":"t","1175":"s","1176":"\\","1177":"\\","1178":"T","1179":"a","1180":"s","1181":"k","1182":"L","1183":"i","1184":"s","1185":"t","1186":".","1187":"v","1188":"u","1189":"e","1190":"\"","1191":",","1192":"\"","1193":"s","1194":"o","1195":"u","1196":"r","1197":"c","1198":"e","1199":"s","1200":"C","1201":"o","1202":"n","1203":"t","1204":"e","1205":"n","1206":"t","1207":"\"","1208":":","1209":"[","1210":"\"","1211":"<","1212":"t","1213":"e","1214":"m","1215":"p","1216":"l","1217":"a","1218":"t","1219":"e","1220":">","1221":"\\","1222":"r","1223":"\\","1224":"n","1225":" ","1226":" ","1227":" ","1228":" ","1229":"<","1230":"d","1231":"i","1232":"v","1233":" ","1234":"c","1235":"l","1236":"a","1237":"s","1238":"s","1239":"=","1240":"\\","1241":"\"","1242":"t","1243":"i","1244":"t","1245":"l","1246":"e","1247":"-","1248":"w","1249":"r","1250":"a","1251":"p","1252":"p","1253":"e","1254":"r","1255":"\\","1256":"\"","1257":">","1258":"\\","1259":"r","1260":"\\","1261":"n","1262":" ","1263":" ","1264":" ","1265":" ","1266":" ","1267":" ","1268":" ","1269":" ","1270":"<","1271":"h","1272":"1","1273":" ","1274":"c","1275":"l","1276":"a","1277":"s","1278":"s","1279":"=","1280":"\\","1281":"\"","1282":"a","1283":"p","1284":"p","1285":"-","1286":"t","1287":"i","1288":"t","1289":"l","1290":"e","1291":"\\","1292":"\"","1293":">","1294":" ","1295":"T","1296":"O","1297":"-","1298":"D","1299":"O","1300":" ","1301":"T","1302":"A","1303":"S","1304":"K","1305":" ","1306":"A","1307":"P","1308":"P","1309":"<","1310":"/","1311":"h","1312":"1","1313":">","1314":"\\","1315":"r","1316":"\\","1317":"n","1318":" ","1319":" ","1320":" ","1321":" ","1322":"<","1323":"/","1324":"d","1325":"i","1326":"v","1327":">","1328":"\\","1329":"r","1330":"\\","1331":"n","1332":"\\","1333":"r","1334":"\\","1335":"n","1336":" ","1337":" ","1338":" ","1339":" ","1340":"<","1341":"d","1342":"i","1343":"v","1344":" ","1345":"c","1346":"l","1347":"a","1348":"s","1349":"s","1350":"=","1351":"\\","1352":"\"","1353":"t","1354":"a","1355":"s","1356":"k","1357":"-","1358":"c","1359":"o","1360":"n","1361":"t","1362":"a","1363":"i","1364":"n","1365":"e","1366":"r","1367":"\\","1368":"\"","1369":">","1370":"\\","1371":"r","1372":"\\","1373":"n","1374":" ","1375":" ","1376":" ","1377":" ","1378":" ","1379":" ","1380":" ","1381":" ","1382":"<","1383":"d","1384":"i","1385":"v","1386":" ","1387":"c","1388":"l","1389":"a","1390":"s","1391":"s","1392":"=","1393":"\\","1394":"\"","1395":"t","1396":"a","1397":"s","1398":"k","1399":"-","1400":"f","1401":"o","1402":"r","1403":"m","1404":"\\","1405":"\"","1406":">","1407":"\\","1408":"r","1409":"\\","1410":"n","1411":" ","1412":" ","1413":" ","1414":" ","1415":" ","1416":" ","1417":" ","1418":" ","1419":" ","1420":" ","1421":" ","1422":" ","1423":"<","1424":"h","1425":"2","1426":">","1427":"A","1428":"d","1429":"d","1430":" ","1431":"a","1432":" ","1433":"T","1434":"a","1435":"s","1436":"k","1437":"<","1438":"/","1439":"h","1440":"2","1441":">","1442":"\\","1443":"r","1444":"\\","1445":"n","1446":" ","1447":" ","1448":" ","1449":" ","1450":" ","1451":" ","1452":" ","1453":" ","1454":" ","1455":" ","1456":" ","1457":" ","1458":"<","1459":"i","1460":"n","1461":"p","1462":"u","1463":"t","1464":" ","1465":"v","1466":"-","1467":"m","1468":"o","1469":"d","1470":"e","1471":"l","1472":"=","1473":"\\","1474":"\"","1475":"n","1476":"e","1477":"w","1478":"T","1479":"a","1480":"s","1481":"k","1482":".","1483":"t","1484":"a","1485":"s","1486":"k","1487":"_","1488":"n","1489":"a","1490":"m","1491":"e","1492":"\\","1493":"\"","1494":" ","1495":"p","1496":"l","1497":"a","1498":"c","1499":"e","1500":"h","1501":"o","1502":"l","1503":"d","1504":"e","1505":"r","1506":"=","1507":"\\","1508":"\"","1509":"T","1510":"i","1511":"t","1512":"l","1513":"e","1514":"\\","1515":"\"","1516":" ","1517":"c","1518":"l","1519":"a","1520":"s","1521":"s","1522":"=","1523":"\\","1524":"\"","1525":"i","1526":"n","1527":"p","1528":"u","1529":"t","1530":"-","1531":"f","1532":"i","1533":"e","1534":"l","1535":"d","1536":"\\","1537":"\"","1538":" ","1539":"/","1540":">","1541":"\\","1542":"r","1543":"\\","1544":"n","1545":" ","1546":" ","1547":" ","1548":" ","1549":" ","1550":" ","1551":" ","1552":" ","1553":" ","1554":" ","1555":" ","1556":" ","1557":"<","1558":"t","1559":"e","1560":"x","1561":"t","1562":"a","1563":"r","1564":"e","1565":"a","1566":" ","1567":"v","1568":"-","1569":"m","1570":"o","1571":"d","1572":"e","1573":"l","1574":"=","1575":"\\","1576":"\"","1577":"n","1578":"e","1579":"w","1580":"T","1581":"a","1582":"s","1583":"k","1584":".","1585":"d","1586":"e","1587":"s","1588":"c","1589":"r","1590":"i","1591":"p","1592":"t","1593":"i","1594":"o","1595":"n","1596":"\\","1597":"\"","1598":" ","1599":"p","1600":"l","1601":"a","1602":"c","1603":"e","1604":"h","1605":"o","1606":"l","1607":"d","1608":"e","1609":"r","1610":"=","1611":"\\","1612":"\"","1613":"D","1614":"e","1615":"s","1616":"c","1617":"r","1618":"i","1619":"p","1620":"t","1621":"i","1622":"o","1623":"n","1624":"\\","1625":"\"","1626":" ","1627":"c","1628":"l","1629":"a","1630":"s","1631":"s","1632":"=","1633":"\\","1634":"\"","1635":"i","1636":"n","1637":"p","1638":"u","1639":"t","1640":"-","1641":"f","1642":"i","1643":"e","1644":"l","1645":"d","1646":"\\","1647":"\"","1648":">","1649":"<","1650":"/","1651":"t","1652":"e","1653":"x","1654":"t","1655":"a","1656":"r","1657":"e","1658":"a","1659":">","1660":"\\","1661":"r","1662":"\\","1663":"n","1664":" ","1665":" ","1666":" ","1667":" ","1668":" ","1669":" ","1670":" ","1671":" ","1672":" ","1673":" ","1674":" ","1675":" ","1676":"<","1677":"p","1678":" ","1679":"v","1680":"-","1681":"i","1682":"f","1683":"=","1684":"\\","1685":"\"","1686":"e","1687":"r","1688":"r","1689":"o","1690":"r","1691":"M","1692":"e","1693":"s","1694":"s","1695":"a","1696":"g","1697":"e","1698":"\\","1699":"\"","1700":" ","1701":"c","1702":"l","1703":"a","1704":"s","1705":"s","1706":"=","1707":"\\","1708":"\"","1709":"e","1710":"r","1711":"r","1712":"o","1713":"r","1714":"-","1715":"m","1716":"e","1717":"s","1718":"s","1719":"a","1720":"g","1721":"e","1722":"\\","1723":"\"","1724":">","1725":"{","1726":"{","1727":" ","1728":"e","1729":"r","1730":"r","1731":"o","1732":"r","1733":"M","1734":"e","1735":"s","1736":"s","1737":"a","1738":"g","1739":"e","1740":" ","1741":"}","1742":"}","1743":"<","1744":"/","1745":"p","1746":">","1747":"\\","1748":"r","1749":"\\","1750":"n","1751":" ","1752":" ","1753":" ","1754":" ","1755":" ","1756":" ","1757":" ","1758":" ","1759":" ","1760":" ","1761":" ","1762":" ","1763":"<","1764":"b","1765":"u","1766":"t","1767":"t","1768":"o","1769":"n","1770":" ","1771":"@","1772":"c","1773":"l","1774":"i","1775":"c","1776":"k","1777":"=","1778":"\\","1779":"\"","1780":"a","1781":"d","1782":"d","1783":"T","1784":"a","1785":"s","1786":"k","1787":"\\","1788":"\"","1789":" ","1790":"c","1791":"l","1792":"a","1793":"s","1794":"s","1795":"=","1796":"\\","1797":"\"","1798":"a","1799":"d","1800":"d","1801":"-","1802":"b","1803":"t","1804":"n","1805":"\\","1806":"\"","1807":">","1808":"S","1809":"a","1810":"v","1811":"e","1812":"<","1813":"/","1814":"b","1815":"u","1816":"t","1817":"t","1818":"o","1819":"n","1820":">","1821":"\\","1822":"r","1823":"\\","1824":"n","1825":" ","1826":" ","1827":" ","1828":" ","1829":" ","1830":" ","1831":" ","1832":" ","1833":"<","1834":"/","1835":"d","1836":"i","1837":"v","1838":">","1839":"\\","1840":"r","1841":"\\","1842":"n","1843":"\\","1844":"r","1845":"\\","1846":"n","1847":" ","1848":" ","1849":" ","1850":" ","1851":" ","1852":" ","1853":" ","1854":" ","1855":"<","1856":"d","1857":"i","1858":"v","1859":" ","1860":"c","1861":"l","1862":"a","1863":"s","1864":"s","1865":"=","1866":"\\","1867":"\"","1868":"d","1869":"i","1870":"v","1871":"i","1872":"d","1873":"e","1874":"r","1875":"\\","1876":"\"","1877":">","1878":"<","1879":"/","1880":"d","1881":"i","1882":"v","1883":">","1884":"\\","1885":"r","1886":"\\","1887":"n","1888":"\\","1889":"r","1890":"\\","1891":"n","1892":" ","1893":" ","1894":" ","1895":" ","1896":" ","1897":" ","1898":" ","1899":" ","1900":"<","1901":"d","1902":"i","1903":"v","1904":" ","1905":"c","1906":"l","1907":"a","1908":"s","1909":"s","1910":"=","1911":"\\","1912":"\"","1913":"t","1914":"a","1915":"s","1916":"k","1917":"-","1918":"l","1919":"i","1920":"s","1921":"t","1922":"\\","1923":"\"","1924":">","1925":"\\","1926":"r","1927":"\\","1928":"n","1929":" ","1930":" ","1931":" ","1932":" ","1933":" ","1934":" ","1935":" ","1936":" ","1937":" ","1938":" ","1939":" ","1940":" ","1941":"<","1942":"h","1943":"2","1944":">","1945":"T","1946":"a","1947":"s","1948":"k","1949":" ","1950":"L","1951":"i","1952":"s","1953":"t","1954":"<","1955":"/","1956":"h","1957":"2","1958":">","1959":"\\","1960":"r","1961":"\\","1962":"n","1963":" ","1964":" ","1965":" ","1966":" ","1967":" ","1968":" ","1969":" ","1970":" ","1971":" ","1972":" ","1973":" ","1974":" ","1975":"<","1976":"d","1977":"i","1978":"v","1979":" ","1980":"v","1981":"-","1982":"f","1983":"o","1984":"r","1985":"=","1986":"\\","1987":"\"","1988":"t","1989":"a","1990":"s","1991":"k","1992":" ","1993":"i","1994":"n","1995":" ","1996":"t","1997":"a","1998":"s","1999":"k","2000":"s","2001":"\\","2002":"\"","2003":" ","2004":":","2005":"k","2006":"e","2007":"y","2008":"=","2009":"\\","2010":"\"","2011":"t","2012":"a","2013":"s","2014":"k","2015":".","2016":"t","2017":"a","2018":"s","2019":"k","2020":"_","2021":"i","2022":"d","2023":"\\","2024":"\"","2025":" ","2026":"c","2027":"l","2028":"a","2029":"s","2030":"s","2031":"=","2032":"\\","2033":"\"","2034":"t","2035":"a","2036":"s","2037":"k","2038":"-","2039":"c","2040":"a","2041":"r","2042":"d","2043":"\\","2044":"\"","2045":">","2046":"\\","2047":"r","2048":"\\","2049":"n","2050":" ","2051":" ","2052":" ","2053":" ","2054":" ","2055":" ","2056":" ","2057":" ","2058":" ","2059":" ","2060":" ","2061":" ","2062":" ","2063":" ","2064":" ","2065":" ","2066":"<","2067":"d","2068":"i","2069":"v","2070":" ","2071":"c","2072":"l","2073":"a","2074":"s","2075":"s","2076":"=","2077":"\\","2078":"\"","2079":"t","2080":"a","2081":"s","2082":"k","2083":"-","2084":"i","2085":"n","2086":"f","2087":"o","2088":"\\","2089":"\"","2090":">","2091":"\\","2092":"r","2093":"\\","2094":"n","2095":" ","2096":" ","2097":" ","2098":" ","2099":" ","2100":" ","2101":" ","2102":" ","2103":" ","2104":" ","2105":" ","2106":" ","2107":" ","2108":" ","2109":" ","2110":" ","2111":"<","2112":"h","2113":"3","2114":">","2115":"{","2116":"{","2117":" ","2118":"t","2119":"a","2120":"s","2121":"k","2122":".","2123":"t","2124":"a","2125":"s","2126":"k","2127":"_","2128":"n","2129":"a","2130":"m","2131":"e","2132":" ","2133":"}","2134":"}","2135":"<","2136":"/","2137":"h","2138":"3","2139":">","2140":"\\","2141":"r","2142":"\\","2143":"n","2144":" ","2145":" ","2146":" ","2147":" ","2148":" ","2149":" ","2150":" ","2151":" ","2152":" ","2153":" ","2154":" ","2155":" ","2156":" ","2157":" ","2158":" ","2159":" ","2160":"<","2161":"p","2162":">","2163":"{","2164":"{","2165":" ","2166":"t","2167":"a","2168":"s","2169":"k","2170":".","2171":"d","2172":"e","2173":"s","2174":"c","2175":"r","2176":"i","2177":"p","2178":"t","2179":"i","2180":"o","2181":"n","2182":" ","2183":"}","2184":"}","2185":"<","2186":"/","2187":"p","2188":">","2189":"\\","2190":"r","2191":"\\","2192":"n","2193":" ","2194":" ","2195":" ","2196":" ","2197":" ","2198":" ","2199":" ","2200":" ","2201":" ","2202":" ","2203":" ","2204":" ","2205":" ","2206":" ","2207":" ","2208":" ","2209":"<","2210":"/","2211":"d","2212":"i","2213":"v","2214":">","2215":"\\","2216":"r","2217":"\\","2218":"n","2219":" ","2220":" ","2221":" ","2222":" ","2223":" ","2224":" ","2225":" ","2226":" ","2227":" ","2228":" ","2229":" ","2230":" ","2231":" ","2232":" ","2233":" ","2234":" ","2235":"<","2236":"b","2237":"u","2238":"t","2239":"t","2240":"o","2241":"n","2242":" ","2243":"@","2244":"c","2245":"l","2246":"i","2247":"c","2248":"k","2249":"=","2250":"\\","2251":"\"","2252":"m","2253":"a","2254":"r","2255":"k","2256":"A","2257":"s","2258":"D","2259":"o","2260":"n","2261":"e","2262":"(","2263":"t","2264":"a","2265":"s","2266":"k","2267":".","2268":"t","2269":"a","2270":"s","2271":"k","2272":"_","2273":"i","2274":"d","2275":")","2276":"\\","2277":"\"","2278":" ","2279":"c","2280":"l","2281":"a","2282":"s","2283":"s","2284":"=","2285":"\\","2286":"\"","2287":"d","2288":"o","2289":"n","2290":"e","2291":"-","2292":"b","2293":"t","2294":"n","2295":"\\","2296":"\"","2297":">","2298":"\\","2299":"r","2300":"\\","2301":"n","2302":" ","2303":" ","2304":" ","2305":" ","2306":" ","2307":" ","2308":" ","2309":" ","2310":" ","2311":" ","2312":" ","2313":" ","2314":" ","2315":" ","2316":" ","2317":" ","2318":"{","2319":"{","2320":" ","2321":"t","2322":"a","2323":"s","2324":"k","2325":".","2326":"s","2327":"t","2328":"a","2329":"t","2330":"u","2331":"s","2332":" ","2333":"=","2334":"=","2335":"=","2336":" ","2337":"'","2338":"d","2339":"o","2340":"n","2341":"e","2342":"'","2343":" ","2344":"?","2345":" ","2346":"\\","2347":"\"","2348":"✔","2349":" ","2350":"D","2351":"o","2352":"n","2353":"e","2354":"\\","2355":"\"","2356":" ","2357":":","2358":" ","2359":"\\","2360":"\"","2361":"D","2362":"o","2363":"n","2364":"e","2365":"\\","2366":"\"","2367":" ","2368":"}","2369":"}","2370":"\\","2371":"r","2372":"\\","2373":"n","2374":" ","2375":" ","2376":" ","2377":" ","2378":" ","2379":" ","2380":" ","2381":" ","2382":" ","2383":" ","2384":" ","2385":" ","2386":" ","2387":" ","2388":" ","2389":" ","2390":"<","2391":"/","2392":"b","2393":"u","2394":"t","2395":"t","2396":"o","2397":"n","2398":">","2399":"\\","2400":"r","2401":"\\","2402":"n","2403":" ","2404":" ","2405":" ","2406":" ","2407":" ","2408":" ","2409":" ","2410":" ","2411":" ","2412":" ","2413":" ","2414":" ","2415":"<","2416":"/","2417":"d","2418":"i","2419":"v","2420":">","2421":"\\","2422":"r","2423":"\\","2424":"n","2425":" ","2426":" ","2427":" ","2428":" ","2429":" ","2430":" ","2431":" ","2432":" ","2433":"<","2434":"/","2435":"d","2436":"i","2437":"v","2438":">","2439":"\\","2440":"r","2441":"\\","2442":"n","2443":" ","2444":" ","2445":" ","2446":" ","2447":"<","2448":"/","2449":"d","2450":"i","2451":"v","2452":">","2453":"\\","2454":"r","2455":"\\","2456":"n","2457":"<","2458":"/","2459":"t","2460":"e","2461":"m","2462":"p","2463":"l","2464":"a","2465":"t","2466":"e","2467":">","2468":"\\","2469":"r","2470":"\\","2471":"n","2472":"\\","2473":"r","2474":"\\","2475":"n","2476":"<","2477":"s","2478":"c","2479":"r","2480":"i","2481":"p","2482":"t","2483":">","2484":"\\","2485":"r","2486":"\\","2487":"n","2488":" ","2489":" ","2490":" ","2491":" ","2492":"i","2493":"m","2494":"p","2495":"o","2496":"r","2497":"t","2498":" ","2499":"a","2500":"x","2501":"i","2502":"o","2503":"s","2504":" ","2505":"f","2506":"r","2507":"o","2508":"m","2509":" ","2510":"'","2511":"a","2512":"x","2513":"i","2514":"o","2515":"s","2516":"'","2517":";","2518":"\\","2519":"r","2520":"\\","2521":"n","2522":"\\","2523":"r","2524":"\\","2525":"n","2526":" ","2527":" ","2528":" ","2529":" ","2530":"e","2531":"x","2532":"p","2533":"o","2534":"r","2535":"t","2536":" ","2537":"d","2538":"e","2539":"f","2540":"a","2541":"u","2542":"l","2543":"t","2544":" ","2545":"{","2546":"\\","2547":"r","2548":"\\","2549":"n","2550":" ","2551":" ","2552":" ","2553":" ","2554":" ","2555":" ","2556":" ","2557":" ","2558":"d","2559":"a","2560":"t","2561":"a","2562":"(","2563":")","2564":" ","2565":"{","2566":"\\","2567":"r","2568":"\\","2569":"n","2570":" ","2571":" ","2572":" ","2573":" ","2574":" ","2575":" ","2576":" ","2577":" ","2578":" ","2579":" ","2580":" ","2581":" ","2582":"r","2583":"e","2584":"t","2585":"u","2586":"r","2587":"n","2588":" ","2589":"{","2590":"\\","2591":"r","2592":"\\","2593":"n","2594":" ","2595":" ","2596":" ","2597":" ","2598":" ","2599":" ","2600":" ","2601":" ","2602":" ","2603":" ","2604":" ","2605":" ","2606":" ","2607":" ","2608":" ","2609":" ","2610":"t","2611":"a","2612":"s","2613":"k","2614":"s","2615":":","2616":" ","2617":"[","2618":"]","2619":",","2620":"\\","2621":"r","2622":"\\","2623":"n","2624":" ","2625":" ","2626":" ","2627":" ","2628":" ","2629":" ","2630":" ","2631":" ","2632":" ","2633":" ","2634":" ","2635":" ","2636":" ","2637":" ","2638":" ","2639":" ","2640":"n","2641":"e","2642":"w","2643":"T","2644":"a","2645":"s","2646":"k","2647":":","2648":" ","2649":"{","2650":" ","2651":"t","2652":"a","2653":"s","2654":"k","2655":"_","2656":"n","2657":"a","2658":"m","2659":"e","2660":":","2661":" ","2662":"'","2663":"'","2664":",","2665":" ","2666":"d","2667":"e","2668":"s","2669":"c","2670":"r","2671":"i","2672":"p","2673":"t","2674":"i","2675":"o","2676":"n","2677":":","2678":" ","2679":"'","2680":"'","2681":",","2682":" ","2683":"s","2684":"t","2685":"a","2686":"t","2687":"u","2688":"s","2689":":","2690":" ","2691":"'","2692":"p","2693":"e","2694":"n","2695":"d","2696":"i","2697":"n","2698":"g","2699":"'","2700":" ","2701":"}","2702":",","2703":"\\","2704":"r","2705":"\\","2706":"n","2707":" ","2708":" ","2709":" ","2710":" ","2711":" ","2712":" ","2713":" ","2714":" ","2715":" ","2716":" ","2717":" ","2718":" ","2719":" ","2720":" ","2721":" ","2722":" ","2723":"e","2724":"r","2725":"r","2726":"o","2727":"r","2728":"M","2729":"e","2730":"s","2731":"s","2732":"a","2733":"g","2734":"e","2735":":","2736":" ","2737":"'","2738":"'","2739":"\\","2740":"r","2741":"\\","2742":"n","2743":" ","2744":" ","2745":" ","2746":" ","2747":" ","2748":" ","2749":" ","2750":" ","2751":" ","2752":" ","2753":" ","2754":" ","2755":"}","2756":";","2757":"\\","2758":"r","2759":"\\","2760":"n","2761":" ","2762":" ","2763":" ","2764":" ","2765":" ","2766":" ","2767":" ","2768":" ","2769":"}","2770":",","2771":"\\","2772":"r","2773":"\\","2774":"n","2775":"\\","2776":"r","2777":"\\","2778":"n","2779":" ","2780":" ","2781":" ","2782":" ","2783":" ","2784":" ","2785":" ","2786":" ","2787":"m","2788":"e","2789":"t","2790":"h","2791":"o","2792":"d","2793":"s","2794":":","2795":" ","2796":"{","2797":"\\","2798":"r","2799":"\\","2800":"n","2801":" ","2802":" ","2803":" ","2804":" ","2805":" ","2806":" ","2807":" ","2808":" ","2809":" ","2810":" ","2811":" ","2812":" ","2813":"f","2814":"e","2815":"t","2816":"c","2817":"h","2818":"T","2819":"a","2820":"s","2821":"k","2822":"s","2823":"(","2824":")","2825":" ","2826":"{","2827":"\\","2828":"r","2829":"\\","2830":"n","2831":" ","2832":" ","2833":" ","2834":" ","2835":" ","2836":" ","2837":" ","2838":" ","2839":" ","2840":" ","2841":" ","2842":" ","2843":" ","2844":" ","2845":" ","2846":" ","2847":"a","2848":"x","2849":"i","2850":"o","2851":"s","2852":".","2853":"g","2854":"e","2855":"t","2856":"(","2857":"'","2858":"h","2859":"t","2860":"t","2861":"p","2862":":","2863":"/","2864":"/","2865":"1","2866":"2","2867":"7","2868":".","2869":"0","2870":".","2871":"0","2872":".","2873":"1","2874":":","2875":"8","2876":"0","2877":"0","2878":"0","2879":"/","2880":"a","2881":"p","2882":"i","2883":"/","2884":"t","2885":"a","2886":"s","2887":"k","2888":"s","2889":"'","2890":")","2891":".","2892":"t","2893":"h","2894":"e","2895":"n","2896":"(","2897":"(","2898":"r","2899":"e","2900":"s","2901":")","2902":" ","2903":"=","2904":">","2905":" ","2906":"(","2907":"t","2908":"h","2909":"i","2910":"s","2911":".","2912":"t","2913":"a","2914":"s","2915":"k","2916":"s","2917":" ","2918":"=","2919":" ","2920":"r","2921":"e","2922":"s","2923":".","2924":"d","2925":"a","2926":"t","2927":"a","2928":")","2929":")","2930":";","2931":"\\","2932":"r","2933":"\\","2934":"n","2935":" ","2936":" ","2937":" ","2938":" ","2939":" ","2940":" ","2941":" ","2942":" ","2943":" ","2944":" ","2945":" ","2946":" ","2947":"}","2948":",","2949":"\\","2950":"r","2951":"\\","2952":"n","2953":" ","2954":" ","2955":" ","2956":" ","2957":" ","2958":" ","2959":" ","2960":" ","2961":" ","2962":" ","2963":" ","2964":" ","2965":"\\","2966":"r","2967":"\\","2968":"n","2969":" ","2970":" ","2971":" ","2972":" ","2973":" ","2974":" ","2975":" ","2976":" ","2977":" ","2978":" ","2979":" ","2980":" ","2981":"a","2982":"d","2983":"d","2984":"T","2985":"a","2986":"s","2987":"k","2988":"(","2989":")","2990":" ","2991":"{","2992":"\\","2993":"r","2994":"\\","2995":"n","2996":" ","2997":" ","2998":" ","2999":" ","3000":" ","3001":" ","3002":" ","3003":" ","3004":" ","3005":" ","3006":" ","3007":" ","3008":" ","3009":" ","3010":" ","3011":" ","3012":"c","3013":"o","3014":"n","3015":"s","3016":"t","3017":" ","3018":"{","3019":" ","3020":"t","3021":"a","3022":"s","3023":"k","3024":"_","3025":"n","3026":"a","3027":"m","3028":"e","3029":",","3030":" ","3031":"d","3032":"e","3033":"s","3034":"c","3035":"r","3036":"i","3037":"p","3038":"t","3039":"i","3040":"o","3041":"n","3042":" ","3043":"}","3044":" ","3045":"=","3046":" ","3047":"t","3048":"h","3049":"i","3050":"s","3051":".","3052":"n","3053":"e","3054":"w","3055":"T","3056":"a","3057":"s","3058":"k","3059":";","3060":"\\","3061":"r","3062":"\\","3063":"n","3064":"\\","3065":"r","3066":"\\","3067":"n","3068":" ","3069":" ","3070":" ","3071":" ","3072":" ","3073":" ","3074":" ","3075":" ","3076":" ","3077":" ","3078":" ","3079":" ","3080":" ","3081":" ","3082":" ","3083":" ","3084":"i","3085":"f","3086":" ","3087":"(","3088":"!","3089":"t","3090":"a","3091":"s","3092":"k","3093":"_","3094":"n","3095":"a","3096":"m","3097":"e","3098":".","3099":"t","3100":"r","3101":"i","3102":"m","3103":"(","3104":")","3105":" ","3106":"|","3107":"|","3108":" ","3109":"!","3110":"d","3111":"e","3112":"s","3113":"c","3114":"r","3115":"i","3116":"p","3117":"t","3118":"i","3119":"o","3120":"n","3121":".","3122":"t","3123":"r","3124":"i","3125":"m","3126":"(","3127":")","3128":")","3129":" ","3130":"{","3131":"\\","3132":"r","3133":"\\","3134":"n","3135":" ","3136":" ","3137":" ","3138":" ","3139":" ","3140":" ","3141":" ","3142":" ","3143":" ","3144":" ","3145":" ","3146":" ","3147":" ","3148":" ","3149":" ","3150":" ","3151":" ","3152":" ","3153":" ","3154":" ","3155":"t","3156":"h","3157":"i","3158":"s","3159":".","3160":"e","3161":"r","3162":"r","3163":"o","3164":"r","3165":"M","3166":"e","3167":"s","3168":"s","3169":"a","3170":"g","3171":"e","3172":" ","3173":"=","3174":" ","3175":"\\","3176":"\"","3177":"B","3178":"o","3179":"t","3180":"h","3181":" ","3182":"t","3183":"i","3184":"t","3185":"l","3186":"e","3187":" ","3188":"a","3189":"n","3190":"d","3191":" ","3192":"d","3193":"e","3194":"s","3195":"c","3196":"r","3197":"i","3198":"p","3199":"t","3200":"i","3201":"o","3202":"n","3203":" ","3204":"a","3205":"r","3206":"e","3207":" ","3208":"r","3209":"e","3210":"q","3211":"u","3212":"i","3213":"r","3214":"e","3215":"d","3216":".","3217":"\\","3218":"\"","3219":";","3220":"\\","3221":"r","3222":"\\","3223":"n","3224":" ","3225":" ","3226":" ","3227":" ","3228":" ","3229":" ","3230":" ","3231":" ","3232":" ","3233":" ","3234":" ","3235":" ","3236":" ","3237":" ","3238":" ","3239":" ","3240":" ","3241":" ","3242":" ","3243":" ","3244":"r","3245":"e","3246":"t","3247":"u","3248":"r","3249":"n","3250":";","3251":"\\","3252":"r","3253":"\\","3254":"n","3255":" ","3256":" ","3257":" ","3258":" ","3259":" ","3260":" ","3261":" ","3262":" ","3263":" ","3264":" ","3265":" ","3266":" ","3267":" ","3268":" ","3269":" ","3270":" ","3271":"}","3272":"\\","3273":"r","3274":"\\","3275":"n","3276":"\\","3277":"r","3278":"\\","3279":"n","3280":" ","3281":" ","3282":" ","3283":" ","3284":" ","3285":" ","3286":" ","3287":" ","3288":" ","3289":" ","3290":" ","3291":" ","3292":" ","3293":" ","3294":" ","3295":" ","3296":"t","3297":"h","3298":"i","3299":"s","3300":".","3301":"e","3302":"r","3303":"r","3304":"o","3305":"r","3306":"M","3307":"e","3308":"s","3309":"s","3310":"a","3311":"g","3312":"e","3313":" ","3314":"=","3315":" ","3316":"'","3317":"'","3318":";","3319":"\\","3320":"r","3321":"\\","3322":"n","3323":" ","3324":" ","3325":" ","3326":" ","3327":" ","3328":" ","3329":" ","3330":" ","3331":" ","3332":" ","3333":" ","3334":" ","3335":" ","3336":" ","3337":" ","3338":" ","3339":"a","3340":"x","3341":"i","3342":"o","3343":"s","3344":".","3345":"p","3346":"o","3347":"s","3348":"t","3349":"(","3350":"'","3351":"h","3352":"t","3353":"t","3354":"p","3355":":","3356":"/","3357":"/","3358":"1","3359":"2","3360":"7","3361":".","3362":"0","3363":".","3364":"0","3365":".","3366":"1","3367":":","3368":"8","3369":"0","3370":"0","3371":"0","3372":"/","3373":"a","3374":"p","3375":"i","3376":"/","3377":"t","3378":"a","3379":"s","3380":"k","3381":"s","3382":"'","3383":",","3384":" ","3385":"t","3386":"h","3387":"i","3388":"s","3389":".","3390":"n","3391":"e","3392":"w","3393":"T","3394":"a","3395":"s","3396":"k","3397":")","3398":".","3399":"t","3400":"h","3401":"e","3402":"n","3403":"(","3404":"(","3405":")","3406":" ","3407":"=","3408":">","3409":" ","3410":"{","3411":"\\","3412":"r","3413":"\\","3414":"n","3415":" ","3416":" ","3417":" ","3418":" ","3419":" ","3420":" ","3421":" ","3422":" ","3423":" ","3424":" ","3425":" ","3426":" ","3427":" ","3428":" ","3429":" ","3430":" ","3431":" ","3432":" ","3433":" ","3434":" ","3435":"t","3436":"h","3437":"i","3438":"s","3439":".","3440":"n","3441":"e","3442":"w","3443":"T","3444":"a","3445":"s","3446":"k","3447":".","3448":"t","3449":"a","3450":"s","3451":"k","3452":"_","3453":"n","3454":"a","3455":"m","3456":"e","3457":" ","3458":"=","3459":" ","3460":"'","3461":"'","3462":";","3463":"\\","3464":"r","3465":"\\","3466":"n","3467":" ","3468":" ","3469":" ","3470":" ","3471":" ","3472":" ","3473":" ","3474":" ","3475":" ","3476":" ","3477":" ","3478":" ","3479":" ","3480":" ","3481":" ","3482":" ","3483":" ","3484":" ","3485":" ","3486":" ","3487":"t","3488":"h","3489":"i","3490":"s","3491":".","3492":"n","3493":"e","3494":"w","3495":"T","3496":"a","3497":"s","3498":"k","3499":".","3500":"d","3501":"e","3502":"s","3503":"c","3504":"r","3505":"i","3506":"p","3507":"t","3508":"i","3509":"o","3510":"n","3511":" ","3512":"=","3513":" ","3514":"'","3515":"'","3516":";","3517":"\\","3518":"r","3519":"\\","3520":"n","3521":" ","3522":" ","3523":" ","3524":" ","3525":" ","3526":" ","3527":" ","3528":" ","3529":" ","3530":" ","3531":" ","3532":" ","3533":" ","3534":" ","3535":" ","3536":" ","3537":" ","3538":" ","3539":" ","3540":" ","3541":"t","3542":"h","3543":"i","3544":"s","3545":".","3546":"f","3547":"e","3548":"t","3549":"c","3550":"h","3551":"T","3552":"a","3553":"s","3554":"k","3555":"s","3556":"(","3557":")","3558":";","3559":"\\","3560":"r","3561":"\\","3562":"n","3563":" ","3564":" ","3565":" ","3566":" ","3567":" ","3568":" ","3569":" ","3570":" ","3571":" ","3572":" ","3573":" ","3574":" ","3575":" ","3576":" ","3577":" ","3578":" ","3579":"}","3580":")","3581":";","3582":"\\","3583":"r","3584":"\\","3585":"n","3586":" ","3587":" ","3588":" ","3589":" ","3590":" ","3591":" ","3592":" ","3593":" ","3594":" ","3595":" ","3596":" ","3597":" ","3598":"}","3599":",","3600":"\\","3601":"r","3602":"\\","3603":"n","3604":"\\","3605":"r","3606":"\\","3607":"n","3608":" ","3609":" ","3610":" ","3611":" ","3612":" ","3613":" ","3614":" ","3615":" ","3616":" ","3617":" ","3618":" ","3619":" ","3620":"m","3621":"a","3622":"r","3623":"k","3624":"A","3625":"s","3626":"D","3627":"o","3628":"n","3629":"e","3630":"(","3631":"t","3632":"a","3633":"s","3634":"k","3635":"I","3636":"d","3637":")","3638":" ","3639":"{","3640":"\\","3641":"r","3642":"\\","3643":"n","3644":" ","3645":" ","3646":" ","3647":" ","3648":" ","3649":" ","3650":" ","3651":" ","3652":" ","3653":" ","3654":" ","3655":" ","3656":" ","3657":" ","3658":" ","3659":" ","3660":"a","3661":"x","3662":"i","3663":"o","3664":"s","3665":".","3666":"p","3667":"u","3668":"t","3669":"(","3670":"`","3671":"h","3672":"t","3673":"t","3674":"p","3675":":","3676":"/","3677":"/","3678":"1","3679":"2","3680":"7","3681":".","3682":"0","3683":".","3684":"0","3685":".","3686":"1","3687":":","3688":"8","3689":"0","3690":"0","3691":"0","3692":"/","3693":"a","3694":"p","3695":"i","3696":"/","3697":"t","3698":"a","3699":"s","3700":"k","3701":"s","3702":"/","3703":"$","3704":"{","3705":"t","3706":"a","3707":"s","3708":"k","3709":"I","3710":"d","3711":"}","3712":"`","3713":",","3714":" ","3715":"{","3716":" ","3717":"s","3718":"t","3719":"a","3720":"t","3721":"u","3722":"s","3723":":","3724":" ","3725":"'","3726":"d","3727":"o","3728":"n","3729":"e","3730":"'","3731":" ","3732":"}","3733":")","3734":".","3735":"t","3736":"h","3737":"e","3738":"n","3739":"(","3740":"t","3741":"h","3742":"i","3743":"s","3744":".","3745":"f","3746":"e","3747":"t","3748":"c","3749":"h","3750":"T","3751":"a","3752":"s","3753":"k","3754":"s","3755":")","3756":";","3757":"\\","3758":"r","3759":"\\","3760":"n","3761":" ","3762":" ","3763":" ","3764":" ","3765":" ","3766":" ","3767":" ","3768":" ","3769":" ","3770":" ","3771":" ","3772":" ","3773":"}","3774":"\\","3775":"r","3776":"\\","3777":"n","3778":" ","3779":" ","3780":" ","3781":" ","3782":" ","3783":" ","3784":" ","3785":" ","3786":"}","3787":",","3788":"\\","3789":"r","3790":"\\","3791":"n","3792":" ","3793":" ","3794":" ","3795":" ","3796":" ","3797":" ","3798":" ","3799":" ","3800":"m","3801":"o","3802":"u","3803":"n","3804":"t","3805":"e","3806":"d","3807":"(","3808":")","3809":" ","3810":"{","3811":"\\","3812":"r","3813":"\\","3814":"n","3815":" ","3816":" ","3817":" ","3818":" ","3819":" ","3820":" ","3821":" ","3822":" ","3823":" ","3824":" ","3825":" ","3826":" ","3827":"t","3828":"h","3829":"i","3830":"s","3831":".","3832":"f","3833":"e","3834":"t","3835":"c","3836":"h","3837":"T","3838":"a","3839":"s","3840":"k","3841":"s","3842":"(","3843":")","3844":";","3845":"\\","3846":"r","3847":"\\","3848":"n","3849":" ","3850":" ","3851":" ","3852":" ","3853":" ","3854":" ","3855":" ","3856":" ","3857":"}","3858":",","3859":"\\","3860":"r","3861":"\\","3862":"n","3863":" ","3864":" ","3865":" ","3866":" ","3867":"}","3868":";","3869":"\\","3870":"r","3871":"\\","3872":"n","3873":"<","3874":"/","3875":"s","3876":"c","3877":"r","3878":"i","3879":"p","3880":"t","3881":">","3882":"\"","3883":"]","3884":"}"},"_coverageSchema":"1a1c01bbd47fc00a2c39e90264f33305004495a9","hash":"1a5287f4b916c0c709d321abe68fa1984a702bd8"}
}
