TN:
SF:src\components\TaskList.vue
FN:8,_interopRequireDefault
FN:10,(anonymous_1)
FN:22,(anonymous_2)
FN:23,(anonymous_3)
FN:25,(anonymous_4)
FN:35,(anonymous_5)
FN:41,(anonymous_6)
FN:47,(anonymous_7)
FN:75,render
FN:81,(anonymous_9)
FN:85,(anonymous_10)
FN:89,(anonymous_11)
FN:95,(anonymous_12)
FN:100,(anonymous_13)
FNF:14
FNH:7
FNDA:1,_interopRequireDefault
FNDA:1,(anonymous_1)
FNDA:2,(anonymous_2)
FNDA:2,(anonymous_3)
FNDA:0,(anonymous_4)
FNDA:0,(anonymous_5)
FNDA:0,(anonymous_6)
FNDA:1,(anonymous_7)
FNDA:2,render
FNDA:0,(anonymous_9)
FNDA:0,(anonymous_10)
FNDA:0,(anonymous_11)
FNDA:2,(anonymous_12)
FNDA:0,(anonymous_13)
DA:3,1
DA:6,1
DA:7,1
DA:8,1
DA:9,1
DA:11,1
DA:23,2
DA:29,0
DA:30,0
DA:31,0
DA:32,0
DA:34,0
DA:35,0
DA:36,0
DA:37,0
DA:38,0
DA:42,0
DA:48,1
DA:51,1
DA:53,1
DA:56,1
DA:57,1
DA:58,1
DA:61,1
DA:64,1
DA:68,1
DA:71,1
DA:74,1
DA:76,2
DA:81,0
DA:85,0
DA:90,0
DA:96,2
DA:100,0
DA:104,1
LF:35
LH:21
BRDA:8,0,0,1
BRDA:8,0,1,0
BRDA:8,1,0,1
BRDA:8,1,1,1
BRDA:30,2,0,0
BRDA:30,2,1,0
BRDA:30,3,0,0
BRDA:30,3,1,0
BRDA:76,4,0,2
BRDA:76,4,1,1
BRDA:80,5,0,2
BRDA:80,5,1,1
BRDA:81,6,0,2
BRDA:81,6,1,1
BRDA:85,7,0,2
BRDA:85,7,1,1
BRDA:88,8,0,0
BRDA:88,8,1,2
BRDA:89,9,0,2
BRDA:89,9,1,1
BRDA:90,10,0,0
BRDA:90,10,1,0
BRDA:93,11,0,2
BRDA:93,11,1,1
BRDA:95,12,0,2
BRDA:95,12,1,1
BRDA:102,13,0,1
BRDA:102,13,1,1
BRF:28
BRH:20
end_of_record
